<?xml version="1.0" encoding="UTF-8"?>
<!-- Generated by org.testng.reporters.JUnitReportReporter -->
<testsuite hostname="DESKTOP-6LB77J4" failures="0" tests="1" name="apitestcases.Putrequest" time="3.041" errors="0" timestamp="2022-07-26T14:04:28 PDT" skipped="0">
  <testcase classname="apitestcases.Putrequest" name="testputrequest" time="3.041"/>
  <system-out/>
</testsuite> <!-- apitestcases.Putrequest -->
