<?xml version="1.0" encoding="UTF-8"?>
<!-- Generated by org.testng.reporters.JUnitReportReporter -->
<testsuite hostname="DESKTOP-6LB77J4" failures="0" tests="1" name="apitestcases.Deleterequest" time="1.965" errors="0" timestamp="2022-07-26T14:07:41 PDT" skipped="0">
  <testcase classname="apitestcases.Deleterequest" name="testdeletereq" time="1.965"/>
  <system-out/>
</testsuite> <!-- apitestcases.Deleterequest -->
