<?xml version="1.0" encoding="UTF-8"?>
<!-- Generated by org.testng.reporters.JUnitReportReporter -->
<testsuite hostname="DESKTOP-6LB77J4" failures="0" tests="5" name="apitestcases.PostDDt$PostDDT" time="4.623" errors="0" timestamp="2022-07-22T16:11:02 PDT" skipped="0">
  <testcase classname="apitestcases.PostDDt$PostDDT" name="testpostddt" time="0.485"/>
  <system-out/>
  <testcase classname="apitestcases.PostDDt$PostDDT" name="testpostddt" time="2.467"/>
  <system-out/>
  <testcase classname="apitestcases.PostDDt$PostDDT" name="testpostddt" time="0.611"/>
  <system-out/>
  <testcase classname="apitestcases.PostDDt$PostDDT" name="testpostddt" time="0.553"/>
  <system-out/>
  <testcase classname="apitestcases.PostDDt$PostDDT" name="testpostddt" time="0.507"/>
  <system-out/>
</testsuite> <!-- apitestcases.PostDDt$PostDDT -->
