<?xml version="1.0" encoding="UTF-8"?>
<!-- Generated by org.testng.reporters.JUnitReportReporter -->
<testsuite hostname="DESKTOP-6LB77J4" failures="0" tests="5" name="apitestcases.PostDDT" time="4.369" errors="0" timestamp="2022-07-26T14:11:08 PDT" skipped="0">
  <testcase classname="apitestcases.PostDDT" name="testpostddt" time="0.528"/>
  <system-out/>
  <testcase classname="apitestcases.PostDDT" name="testpostddt" time="0.512"/>
  <system-out/>
  <testcase classname="apitestcases.PostDDT" name="testpostddt" time="0.490"/>
  <system-out/>
  <testcase classname="apitestcases.PostDDT" name="testpostddt" time="2.388"/>
  <system-out/>
  <testcase classname="apitestcases.PostDDT" name="testpostddt" time="0.451"/>
  <system-out/>
</testsuite> <!-- apitestcases.PostDDT -->
