<?xml version="1.0" encoding="UTF-8"?>
<!-- Generated by org.testng.reporters.JUnitReportReporter -->
<testsuite hostname="DESKTOP-6LB77J4" failures="0" tests="2" name="apitestcases.getrequest" time="2.465" errors="0" timestamp="2022-07-26T13:50:46 PDT" skipped="0">
  <testcase classname="apitestcases.getrequest" name="testget" time="2.393"/>
  <system-out/>
  <testcase classname="apitestcases.getrequest" name="testgetrequest" time="0.072"/>
  <system-out/>
</testsuite> <!-- apitestcases.getrequest -->
