<?xml version="1.0" encoding="UTF-8"?>
<!-- Generated by org.testng.reporters.JUnitReportReporter -->
<testsuite hostname="DESKTOP-6LB77J4" failures="0" tests="2" name="apitestcases.Postrequest" time="3.095" errors="0" timestamp="2022-07-26T13:59:41 PDT" skipped="0">
  <testcase classname="apitestcases.Postrequest" name="testpost" time="2.176"/>
  <system-out/>
  <testcase classname="apitestcases.Postrequest" name="testget" time="0.919"/>
  <system-out/>
</testsuite> <!-- apitestcases.Postrequest -->
